#
# A fatal error has been detected by the Java Runtime Environment:
#
#  EXCEPTION_ACCESS_VIOLATION (0xc0000005) at pc=0x00007ffe8d2785f1, pid=17308, tid=17924
#
# JRE version: OpenJDK Runtime Environment Corretto-11.0.8.10.1 (11.0.8+10) (build 11.0.8+10-LTS)
# Java VM: OpenJDK 64-Bit Server VM Corretto-11.0.8.10.1 (11.0.8+10-LTS, mixed mode, tiered, compressed oops, g1 gc, windows-amd64)
# Problematic frame:
# V  [jvm.dll+0x5e85f1]
#
# No core dump will be written. Minidumps are not enabled by default on client versions of Windows
#
# If you would like to submit a bug report, please visit:
#   https://bugreport.java.com/bugreport/crash.jsp
#

---------------  S U M M A R Y ------------

Command Line: -javaagent:C:\Program Files\JetBrains\IntelliJ IDEA Community Edition 2020.2\lib\idea_rt.jar=55842:C:\Program Files\JetBrains\IntelliJ IDEA Community Edition 2020.2\bin -Dfile.encoding=UTF-8 com.luv2code.hibernate.demo.GetCoursesForMaryDemo

Host: AMD Ryzen 5 2600 Six-Core Processor            , 12 cores, 15G,  Windows 8.1 , 64 bit Build 9600 (6.3.9600.17415)
Time: Fri Jan 15 18:46:27 2021 Pacific Standard Time elapsed time: 0 seconds (0d 0h 0m 0s)

---------------  T H R E A D  ---------------

Current thread (0x0000004e0c215000):  JavaThread "main" [_thread_in_vm, id=17924, stack(0x0000004e0b8c0000,0x0000004e0b9c0000)]

Stack: [0x0000004e0b8c0000,0x0000004e0b9c0000],  sp=0x0000004e0b9bd548,  free space=1013k
Native frames: (J=compiled Java code, j=interpreted, Vv=VM code, C=native code)
V  [jvm.dll+0x5e85f1]

Java frames: (J=compiled Java code, j=interpreted, Vv=VM code)
J 881  java.lang.ClassLoader.defineClass1(Ljava/lang/ClassLoader;Ljava/lang/String;[BIILjava/security/ProtectionDomain;Ljava/lang/String;)Ljava/lang/Class; java.base@11.0.8 (0 bytes) @ 0x0000004e1c36410b [0x0000004e1c364040+0x00000000000000cb]
J 868 c1 java.lang.ClassLoader.defineClass(Ljava/lang/String;[BIILjava/security/ProtectionDomain;)Ljava/lang/Class; java.base@11.0.8 (43 bytes) @ 0x0000004e14f69b7c [0x0000004e14f69820+0x000000000000035c]
J 777 c1 jdk.internal.loader.BuiltinClassLoader.defineClass(Ljava/lang/String;Ljdk/internal/loader/Resource;)Ljava/lang/Class; java.base@11.0.8 (121 bytes) @ 0x0000004e14f32534 [0x0000004e14f313c0+0x0000000000001174]
J 724 c1 jdk.internal.loader.BuiltinClassLoader.findClassOnClassPathOrNull(Ljava/lang/String;)Ljava/lang/Class; java.base@11.0.8 (64 bytes) @ 0x0000004e14f0f734 [0x0000004e14f0f540+0x00000000000001f4]
J 486 c1 jdk.internal.loader.BuiltinClassLoader.loadClassOrNull(Ljava/lang/String;Z)Ljava/lang/Class; java.base@11.0.8 (143 bytes) @ 0x0000004e14e91dcc [0x0000004e14e90c00+0x00000000000011cc]
J 766 c1 jdk.internal.loader.ClassLoaders$AppClassLoader.loadClass(Ljava/lang/String;Z)Ljava/lang/Class; java.base@11.0.8 (40 bytes) @ 0x0000004e14f28224 [0x0000004e14f27c60+0x00000000000005c4]
J 763 c1 java.lang.ClassLoader.loadClass(Ljava/lang/String;)Ljava/lang/Class; java.base@11.0.8 (7 bytes) @ 0x0000004e14f2734c [0x0000004e14f27240+0x000000000000010c]
v  ~StubRoutines::call_stub
j  org.hibernate.type.spi.TypeConfiguration.<init>()V+5
j  org.hibernate.boot.internal.BootstrapContextImpl.<init>(Lorg/hibernate/boot/registry/StandardServiceRegistry;Lorg/hibernate/boot/spi/MetadataBuildingOptions;)V+224
j  org.hibernate.boot.internal.MetadataBuilderImpl.<init>(Lorg/hibernate/boot/MetadataSources;Lorg/hibernate/boot/registry/StandardServiceRegistry;)V+31
j  org.hibernate.boot.MetadataSources.getMetadataBuilder(Lorg/hibernate/boot/registry/StandardServiceRegistry;)Lorg/hibernate/boot/MetadataBuilder;+6
j  org.hibernate.cfg.Configuration.buildSessionFactory(Lorg/hibernate/service/ServiceRegistry;)Lorg/hibernate/SessionFactory;+18
j  org.hibernate.cfg.Configuration.buildSessionFactory()Lorg/hibernate/SessionFactory;+30
j  com.luv2code.hibernate.demo.GetCoursesForMaryDemo.main([Ljava/lang/String;)V+37
v  ~StubRoutines::call_stub

siginfo: EXCEPTION_ACCESS_VIOLATION (0xc0000005), reading address 0xffffffffffffffff


Register to memory mapping:

RIP=0x00007ffe8d2785f1 jvm.dll
RAX=0x8000004e321970a0 is an unknown value
RBX=0x0000004e334d75d0 points into unknown readable memory: 15 00 01 00 5a 8b 6f 72
RCX=0x0000000000000054 is an unknown value
RDX=0x0000000000000054 is an unknown value
RSP=0x0000004e0b9bd548 is pointing into the stack for thread: 0x0000004e0c215000
RBP=0x0000004e09f62260 points into unknown readable memory: 02 00 00 00 73 65 72 73
RSI=0x00000000000003d8 is an unknown value
RDI=0x0000004e0c215960 points into unknown readable memory: 5c c5 1d 32 4e 00 00 00
R8 =0x0000000000001500 is an unknown value
R9 =0x0000000000006f00 is an unknown value
R10=0x0000004e312a3eb0 points into unknown readable memory: 6d 00 00 00 00 00 00 00
R11=0x0000004e334d75d0 points into unknown readable memory: 15 00 01 00 5a 8b 6f 72
R12=0x0000000800229bd0 is a pointer to class: 
org.hibernate.id.uuid.LocalObjectUuidHelper {0x0000000800229bd8}
R13=0x0000004e31298b30 points into unknown readable memory: 20 db 20 31 4e 00 00 00
R14=0x0000004e0c215770 points into unknown readable memory: 00 00 00 00 00 00 00 00
R15=0x0000004e0c215000 is a thread


Registers:
RAX=0x8000004e321970a0, RBX=0x0000004e334d75d0, RCX=0x0000000000000054, RDX=0x0000000000000054
RSP=0x0000004e0b9bd548, RBP=0x0000004e09f62260, RSI=0x00000000000003d8, RDI=0x0000004e0c215960
R8 =0x0000000000001500, R9 =0x0000000000006f00, R10=0x0000004e312a3eb0, R11=0x0000004e334d75d0
R12=0x0000000800229bd0, R13=0x0000004e31298b30, R14=0x0000004e0c215770, R15=0x0000004e0c215000
RIP=0x00007ffe8d2785f1, EFLAGS=0x0000000000010286

Top of Stack: (sp=0x0000004e0b9bd548)
0x0000004e0b9bd548:   00007ffe8cfe4ccd 0000004e332fc890
0x0000004e0b9bd558:   0000004e09f62260 00000000000003d8
0x0000004e0b9bd568:   00007ffe8d241d75 0000004e311dba10
0x0000004e0b9bd578:   00000000fb5015e5 0000000000000000
0x0000004e0b9bd588:   0000004e0c215000 0000004e0c215b58
0x0000004e0b9bd598:   00007ffe8d241e25 0000000000000000
0x0000004e0b9bd5a8:   0000004e0b9bd7e0 0000000800229bd0
0x0000004e0b9bd5b8:   0000004e0c215000 0000004e09f62260
0x0000004e0b9bd5c8:   000000070f302aa0 0000000000000000
0x0000004e0b9bd5d8:   0000000000000000 0000004e09f62320
0x0000004e0b9bd5e8:   00007ffe8ce48d90 0000000000000000
0x0000004e0b9bd5f8:   00007ffe8d21855a 00000000000003d8
0x0000004e0b9bd608:   0000004e0c215960 0000000000000000
0x0000004e0b9bd618:   00007ffe8cfdcf80 0000004e0c215910
0x0000004e0b9bd628:   0000004e0c215000 0000000000000000
0x0000004e0b9bd638:   0000000000000041 0000004e0b9bd7e0 

Instructions: (pc=0x00007ffe8d2785f1)
0x00007ffe8d2784f1:   da ff 33 c9 b8 ff ff ff ff 48 89 4e 18 89 4e 20
0x00007ffe8d278501:   88 4e 26 48 89 4e 28 48 8b 4e 10 66 89 46 24 e8
0x00007ffe8d278511:   4b ed 0b 00 4c 89 7e 18 0f be 47 07 0f b7 0f 44
0x00007ffe8d278521:   0f be 47 06 c1 e1 08 41 c1 e0 08 41 0b c0 33 c1
0x00007ffe8d278531:   8b 0d 05 31 3a 00 83 c1 03 48 d3 ef 41 0f bf 0e
0x00007ffe8d278541:   33 c7 0f b7 d1 48 8b 4d 08 c1 e0 10 0b c2 33 d2
0x00007ffe8d278551:   f7 75 00 48 63 c2 48 8b 14 c1 48 89 56 08 48 8b
0x00007ffe8d278561:   4d 08 48 89 34 c1 8b 4d 2c ff c1 89 4d 2c 48 8b
0x00007ffe8d278571:   cb e8 19 9e fc ff 48 8b 5c 24 40 48 8b c6 48 8b
0x00007ffe8d278581:   74 24 48 48 8b 6c 24 50 48 83 c4 20 41 5f 41 5e
0x00007ffe8d278591:   5f c3 cc cc cc cc cc cc cc cc cc cc cc cc cc 0f
0x00007ffe8d2785a1:   be 42 07 4c 8b d1 44 0f be 4a 06 4c 8b da 44 0f
0x00007ffe8d2785b1:   b7 02 8b 0d 83 30 3a 00 83 c1 03 41 c1 e1 08 41
0x00007ffe8d2785c1:   0b c1 48 d3 ea 41 0f bf 4b 04 41 c1 e0 08 41 33
0x00007ffe8d2785d1:   c0 33 c2 0f b7 d1 c1 e0 10 0b c2 33 d2 41 f7 32
0x00007ffe8d2785e1:   49 8b 42 08 48 63 ca 48 8b 04 c8 48 85 c0 74 12
0x00007ffe8d2785f1:   4c 39 58 10 72 02 74 0c 48 8b 40 08 48 83 e0 fe
0x00007ffe8d278601:   eb ec 33 c0 c3 cc cc cc cc cc cc cc cc cc cc 48
0x00007ffe8d278611:   89 74 24 18 57 48 83 ec 20 48 8b 41 18 48 8b f2
0x00007ffe8d278621:   48 8b f9 80 78 4b 00 75 4d 83 79 20 01 74 47 48
0x00007ffe8d278631:   8b 41 28 48 85 c0 74 3e 48 89 6c 24 38 48 63 28
0x00007ffe8d278641:   48 85 ed 7e 2c 48 89 5c 24 30 33 db 0f 1f 00 48
0x00007ffe8d278651:   8b 47 28 48 8b ce 4c 8b 06 48 8b 50 18 48 8b 14
0x00007ffe8d278661:   da 41 ff 10 48 ff c3 48 3b dd 7c e3 48 8b 5c 24
0x00007ffe8d278671:   30 48 8b 6c 24 38 48 8b 74 24 40 48 83 c4 20 5f
0x00007ffe8d278681:   c3 cc cc cc cc cc cc cc cc cc cc cc cc cc cc 48
0x00007ffe8d278691:   8b c4 48 89 48 08 56 41 55 48 83 ec 58 33 f6 4c
0x00007ffe8d2786a1:   8b c1 44 8b ee 89 74 24 78 39 31 0f 8e 38 02 00
0x00007ffe8d2786b1:   00 8b 15 b4 2b 44 00 48 89 58 e8 48 89 68 e0 48
0x00007ffe8d2786c1:   89 78 d8 4c 89 60 d0 4c 89 70 c8 4c 89 78 c0 65
0x00007ffe8d2786d1:   48 8b 04 25 58 00 00 00 41 b9 08 00 00 00 48 8d
0x00007ffe8d2786e1:   0c d0 48 89 8c 24 88 00 00 00 8b ce 48 89 8c 24 


Stack slot to memory mapping:
stack at sp + 0 slots: 0x00007ffe8cfe4ccd jvm.dll
stack at sp + 1 slots: 0x0000004e332fc890 points into unknown readable memory: 2b 00 05 00 e5 15 6f 72
stack at sp + 2 slots: 0x0000004e09f62260 points into unknown readable memory: 02 00 00 00 73 65 72 73
stack at sp + 3 slots: 0x00000000000003d8 is an unknown value
stack at sp + 4 slots: 0x00007ffe8d241d75 jvm.dll
stack at sp + 5 slots: 0x0000004e311dba10 points into unknown readable memory: 00 00 00 00 00 00 00 00
stack at sp + 6 slots: 0x00000000fb5015e5 is an unknown value
stack at sp + 7 slots: 0x0 is NULL


---------------  P R O C E S S  ---------------

Threads class SMR info:
_java_thread_list=0x0000004e313cafe0, length=12, elements={
0x0000004e0c215000, 0x0000004e310bc000, 0x0000004e310c4800, 0x0000004e31116800,
0x0000004e31119000, 0x0000004e3111a000, 0x0000004e31128000, 0x0000004e31129800,
0x0000004e31080800, 0x0000004e312a5000, 0x0000004e31ee9000, 0x0000004e31ee9800
}

Java Threads: ( => current thread )
=>0x0000004e0c215000 JavaThread "main" [_thread_in_vm, id=17924, stack(0x0000004e0b8c0000,0x0000004e0b9c0000)]
  0x0000004e310bc000 JavaThread "Reference Handler" daemon [_thread_blocked, id=18360, stack(0x0000004e31500000,0x0000004e31600000)]
  0x0000004e310c4800 JavaThread "Finalizer" daemon [_thread_blocked, id=8592, stack(0x0000004e31600000,0x0000004e31700000)]
  0x0000004e31116800 JavaThread "Signal Dispatcher" daemon [_thread_blocked, id=9400, stack(0x0000004e31710000,0x0000004e31810000)]
  0x0000004e31119000 JavaThread "Attach Listener" daemon [_thread_blocked, id=1036, stack(0x0000004e31810000,0x0000004e31910000)]
  0x0000004e3111a000 JavaThread "C2 CompilerThread0" daemon [_thread_blocked, id=12588, stack(0x0000004e31910000,0x0000004e31a10000)]
  0x0000004e31128000 JavaThread "C1 CompilerThread0" daemon [_thread_blocked, id=2988, stack(0x0000004e31a10000,0x0000004e31b10000)]
  0x0000004e31129800 JavaThread "Sweeper thread" daemon [_thread_blocked, id=4072, stack(0x0000004e31b10000,0x0000004e31c10000)]
  0x0000004e31080800 JavaThread "Common-Cleaner" daemon [_thread_blocked, id=7196, stack(0x0000004e31c10000,0x0000004e31d10000)]
  0x0000004e312a5000 JavaThread "C2 CompilerThread1" daemon [_thread_blocked, id=17352, stack(0x0000004e31d10000,0x0000004e31e10000)]
  0x0000004e31ee9000 JavaThread "Monitor Ctrl-Break" daemon [_thread_in_native, id=10672, stack(0x0000004e32620000,0x0000004e32720000)]
  0x0000004e31ee9800 JavaThread "Service Thread" daemon [_thread_blocked, id=16628, stack(0x0000004e32720000,0x0000004e32820000)]

Other Threads:
  0x0000004e310b9800 VMThread "VM Thread" [stack: 0x0000004e31400000,0x0000004e31500000] [id=3788]
  0x0000004e31eea800 WatcherThread [stack: 0x0000004e32820000,0x0000004e32920000] [id=17932]
  0x0000004e0c22d800 GCTaskThread "GC Thread#0" [stack: 0x0000004e0bba0000,0x0000004e0bca0000] [id=440]
  0x0000004e31fd6800 GCTaskThread "GC Thread#1" [stack: 0x0000004e32920000,0x0000004e32a20000] [id=3808]
  0x0000004e31fd7000 GCTaskThread "GC Thread#2" [stack: 0x0000004e32a20000,0x0000004e32b20000] [id=17692]
  0x0000004e31fd7800 GCTaskThread "GC Thread#3" [stack: 0x0000004e32b20000,0x0000004e32c20000] [id=17016]
  0x0000004e31fd8800 GCTaskThread "GC Thread#4" [stack: 0x0000004e32c20000,0x0000004e32d20000] [id=16564]
  0x0000004e31fd9000 GCTaskThread "GC Thread#5" [stack: 0x0000004e32d20000,0x0000004e32e20000] [id=15000]
  0x0000004e0c28b000 ConcurrentGCThread "G1 Main Marker" [stack: 0x0000004e2d760000,0x0000004e2d860000] [id=1288]
  0x0000004e0c28c800 ConcurrentGCThread "G1 Conc#0" [stack: 0x0000004e2d860000,0x0000004e2d960000] [id=14832]
  0x0000004e304fd800 ConcurrentGCThread "G1 Refine#0" [stack: 0x0000004e30600000,0x0000004e30700000] [id=6112]
  0x0000004e304fe800 ConcurrentGCThread "G1 Young RemSet Sampling" [stack: 0x0000004e30700000,0x0000004e30800000] [id=14684]

Threads with active compile tasks:

VM state:not at safepoint (normal execution)

VM Mutex/Monitor currently owned by a thread: None

Heap address: 0x0000000700c00000, size: 4084 MB, Compressed Oops mode: Zero based, Oop shift amount: 3
Narrow klass base: 0x0000000800000000, Narrow klass shift: 0
Compressed class space size: 1073741824 Address: 0x0000000800000000

Heap:
 garbage-first heap   total 262144K, used 47006K [0x0000000700c00000, 0x0000000800000000)
  region size 1024K, 47 young (48128K), 2 survivors (2048K)
 Metaspace       used 18861K, capacity 19162K, committed 19456K, reserved 1067008K
  class space    used 2096K, capacity 2209K, committed 2304K, reserved 1048576K
Heap Regions: E=young(eden), S=young(survivor), O=old, HS=humongous(starts), HC=humongous(continues), CS=collection set, F=free, A=archive, TAMS=top-at-mark-start (previous, next)
|   0|0x0000000700c00000, 0x0000000700d00000, 0x0000000700d00000|100%|HS|  |TAMS 0x0000000700c00000, 0x0000000700c00000| Complete 
|   1|0x0000000700d00000, 0x0000000700d00000, 0x0000000700e00000|  0%| F|  |TAMS 0x0000000700d00000, 0x0000000700d00000| Untracked 
|   2|0x0000000700e00000, 0x0000000700e00000, 0x0000000700f00000|  0%| F|  |TAMS 0x0000000700e00000, 0x0000000700e00000| Untracked 
|   3|0x0000000700f00000, 0x0000000700f00000, 0x0000000701000000|  0%| F|  |TAMS 0x0000000700f00000, 0x0000000700f00000| Untracked 
|   4|0x0000000701000000, 0x0000000701000000, 0x0000000701100000|  0%| F|  |TAMS 0x0000000701000000, 0x0000000701000000| Untracked 
|   5|0x0000000701100000, 0x0000000701100000, 0x0000000701200000|  0%| F|  |TAMS 0x0000000701100000, 0x0000000701100000| Untracked 
|   6|0x0000000701200000, 0x0000000701200000, 0x0000000701300000|  0%| F|  |TAMS 0x0000000701200000, 0x0000000701200000| Untracked 
|   7|0x0000000701300000, 0x0000000701300000, 0x0000000701400000|  0%| F|  |TAMS 0x0000000701300000, 0x0000000701300000| Untracked 
|   8|0x0000000701400000, 0x0000000701400000, 0x0000000701500000|  0%| F|  |TAMS 0x0000000701400000, 0x0000000701400000| Untracked 
|   9|0x0000000701500000, 0x0000000701500000, 0x0000000701600000|  0%| F|  |TAMS 0x0000000701500000, 0x0000000701500000| Untracked 
|  10|0x0000000701600000, 0x0000000701600000, 0x0000000701700000|  0%| F|  |TAMS 0x0000000701600000, 0x0000000701600000| Untracked 
|  11|0x0000000701700000, 0x0000000701700000, 0x0000000701800000|  0%| F|  |TAMS 0x0000000701700000, 0x0000000701700000| Untracked 
|  12|0x0000000701800000, 0x0000000701800000, 0x0000000701900000|  0%| F|  |TAMS 0x0000000701800000, 0x0000000701800000| Untracked 
|  13|0x0000000701900000, 0x0000000701900000, 0x0000000701a00000|  0%| F|  |TAMS 0x0000000701900000, 0x0000000701900000| Untracked 
|  14|0x0000000701a00000, 0x0000000701a00000, 0x0000000701b00000|  0%| F|  |TAMS 0x0000000701a00000, 0x0000000701a00000| Untracked 
|  15|0x0000000701b00000, 0x0000000701b00000, 0x0000000701c00000|  0%| F|  |TAMS 0x0000000701b00000, 0x0000000701b00000| Untracked 
|  16|0x0000000701c00000, 0x0000000701c00000, 0x0000000701d00000|  0%| F|  |TAMS 0x0000000701c00000, 0x0000000701c00000| Untracked 
|  17|0x0000000701d00000, 0x0000000701d00000, 0x0000000701e00000|  0%| F|  |TAMS 0x0000000701d00000, 0x0000000701d00000| Untracked 
|  18|0x0000000701e00000, 0x0000000701e00000, 0x0000000701f00000|  0%| F|  |TAMS 0x0000000701e00000, 0x0000000701e00000| Untracked 
|  19|0x0000000701f00000, 0x0000000701f00000, 0x0000000702000000|  0%| F|  |TAMS 0x0000000701f00000, 0x0000000701f00000| Untracked 
|  20|0x0000000702000000, 0x0000000702000000, 0x0000000702100000|  0%| F|  |TAMS 0x0000000702000000, 0x0000000702000000| Untracked 
|  21|0x0000000702100000, 0x0000000702100000, 0x0000000702200000|  0%| F|  |TAMS 0x0000000702100000, 0x0000000702100000| Untracked 
|  22|0x0000000702200000, 0x0000000702200000, 0x0000000702300000|  0%| F|  |TAMS 0x0000000702200000, 0x0000000702200000| Untracked 
|  23|0x0000000702300000, 0x0000000702300000, 0x0000000702400000|  0%| F|  |TAMS 0x0000000702300000, 0x0000000702300000| Untracked 
|  24|0x0000000702400000, 0x0000000702400000, 0x0000000702500000|  0%| F|  |TAMS 0x0000000702400000, 0x0000000702400000| Untracked 
|  25|0x0000000702500000, 0x0000000702500000, 0x0000000702600000|  0%| F|  |TAMS 0x0000000702500000, 0x0000000702500000| Untracked 
|  26|0x0000000702600000, 0x0000000702600000, 0x0000000702700000|  0%| F|  |TAMS 0x0000000702600000, 0x0000000702600000| Untracked 
|  27|0x0000000702700000, 0x0000000702700000, 0x0000000702800000|  0%| F|  |TAMS 0x0000000702700000, 0x0000000702700000| Untracked 
|  28|0x0000000702800000, 0x0000000702800000, 0x0000000702900000|  0%| F|  |TAMS 0x0000000702800000, 0x0000000702800000| Untracked 
|  29|0x0000000702900000, 0x0000000702900000, 0x0000000702a00000|  0%| F|  |TAMS 0x0000000702900000, 0x0000000702900000| Untracked 
|  30|0x0000000702a00000, 0x0000000702a00000, 0x0000000702b00000|  0%| F|  |TAMS 0x0000000702a00000, 0x0000000702a00000| Untracked 
|  31|0x0000000702b00000, 0x0000000702b00000, 0x0000000702c00000|  0%| F|  |TAMS 0x0000000702b00000, 0x0000000702b00000| Untracked 
|  32|0x0000000702c00000, 0x0000000702c00000, 0x0000000702d00000|  0%| F|  |TAMS 0x0000000702c00000, 0x0000000702c00000| Untracked 
|  33|0x0000000702d00000, 0x0000000702d00000, 0x0000000702e00000|  0%| F|  |TAMS 0x0000000702d00000, 0x0000000702d00000| Untracked 
|  34|0x0000000702e00000, 0x0000000702e00000, 0x0000000702f00000|  0%| F|  |TAMS 0x0000000702e00000, 0x0000000702e00000| Untracked 
|  35|0x0000000702f00000, 0x0000000702f00000, 0x0000000703000000|  0%| F|  |TAMS 0x0000000702f00000, 0x0000000702f00000| Untracked 
|  36|0x0000000703000000, 0x0000000703000000, 0x0000000703100000|  0%| F|  |TAMS 0x0000000703000000, 0x0000000703000000| Untracked 
|  37|0x0000000703100000, 0x0000000703100000, 0x0000000703200000|  0%| F|  |TAMS 0x0000000703100000, 0x0000000703100000| Untracked 
|  38|0x0000000703200000, 0x0000000703200000, 0x0000000703300000|  0%| F|  |TAMS 0x0000000703200000, 0x0000000703200000| Untracked 
|  39|0x0000000703300000, 0x0000000703300000, 0x0000000703400000|  0%| F|  |TAMS 0x0000000703300000, 0x0000000703300000| Untracked 
|  40|0x0000000703400000, 0x0000000703400000, 0x0000000703500000|  0%| F|  |TAMS 0x0000000703400000, 0x0000000703400000| Untracked 
|  41|0x0000000703500000, 0x0000000703500000, 0x0000000703600000|  0%| F|  |TAMS 0x0000000703500000, 0x0000000703500000| Untracked 
|  42|0x0000000703600000, 0x0000000703600000, 0x0000000703700000|  0%| F|  |TAMS 0x0000000703600000, 0x0000000703600000| Untracked 
|  43|0x0000000703700000, 0x0000000703700000, 0x0000000703800000|  0%| F|  |TAMS 0x0000000703700000, 0x0000000703700000| Untracked 
|  44|0x0000000703800000, 0x0000000703800000, 0x0000000703900000|  0%| F|  |TAMS 0x0000000703800000, 0x0000000703800000| Untracked 
|  45|0x0000000703900000, 0x0000000703900000, 0x0000000703a00000|  0%| F|  |TAMS 0x0000000703900000, 0x0000000703900000| Untracked 
|  46|0x0000000703a00000, 0x0000000703a00000, 0x0000000703b00000|  0%| F|  |TAMS 0x0000000703a00000, 0x0000000703a00000| Untracked 
|  47|0x0000000703b00000, 0x0000000703b00000, 0x0000000703c00000|  0%| F|  |TAMS 0x0000000703b00000, 0x0000000703b00000| Untracked 
|  48|0x0000000703c00000, 0x0000000703c00000, 0x0000000703d00000|  0%| F|  |TAMS 0x0000000703c00000, 0x0000000703c00000| Untracked 
|  49|0x0000000703d00000, 0x0000000703d00000, 0x0000000703e00000|  0%| F|  |TAMS 0x0000000703d00000, 0x0000000703d00000| Untracked 
|  50|0x0000000703e00000, 0x0000000703e00000, 0x0000000703f00000|  0%| F|  |TAMS 0x0000000703e00000, 0x0000000703e00000| Untracked 
|  51|0x0000000703f00000, 0x0000000703f00000, 0x0000000704000000|  0%| F|  |TAMS 0x0000000703f00000, 0x0000000703f00000| Untracked 
|  52|0x0000000704000000, 0x0000000704000000, 0x0000000704100000|  0%| F|  |TAMS 0x0000000704000000, 0x0000000704000000| Untracked 
|  53|0x0000000704100000, 0x0000000704100000, 0x0000000704200000|  0%| F|  |TAMS 0x0000000704100000, 0x0000000704100000| Untracked 
|  54|0x0000000704200000, 0x0000000704200000, 0x0000000704300000|  0%| F|  |TAMS 0x0000000704200000, 0x0000000704200000| Untracked 
|  55|0x0000000704300000, 0x0000000704300000, 0x0000000704400000|  0%| F|  |TAMS 0x0000000704300000, 0x0000000704300000| Untracked 
|  56|0x0000000704400000, 0x0000000704400000, 0x0000000704500000|  0%| F|  |TAMS 0x0000000704400000, 0x0000000704400000| Untracked 
|  57|0x0000000704500000, 0x0000000704500000, 0x0000000704600000|  0%| F|  |TAMS 0x0000000704500000, 0x0000000704500000| Untracked 
|  58|0x0000000704600000, 0x0000000704600000, 0x0000000704700000|  0%| F|  |TAMS 0x0000000704600000, 0x0000000704600000| Untracked 
|  59|0x0000000704700000, 0x0000000704700000, 0x0000000704800000|  0%| F|  |TAMS 0x0000000704700000, 0x0000000704700000| Untracked 
|  60|0x0000000704800000, 0x0000000704800000, 0x0000000704900000|  0%| F|  |TAMS 0x0000000704800000, 0x0000000704800000| Untracked 
|  61|0x0000000704900000, 0x0000000704900000, 0x0000000704a00000|  0%| F|  |TAMS 0x0000000704900000, 0x0000000704900000| Untracked 
|  62|0x0000000704a00000, 0x0000000704a00000, 0x0000000704b00000|  0%| F|  |TAMS 0x0000000704a00000, 0x0000000704a00000| Untracked 
|  63|0x0000000704b00000, 0x0000000704b00000, 0x0000000704c00000|  0%| F|  |TAMS 0x0000000704b00000, 0x0000000704b00000| Untracked 
|  64|0x0000000704c00000, 0x0000000704c00000, 0x0000000704d00000|  0%| F|  |TAMS 0x0000000704c00000, 0x0000000704c00000| Untracked 
|  65|0x0000000704d00000, 0x0000000704d00000, 0x0000000704e00000|  0%| F|  |TAMS 0x0000000704d00000, 0x0000000704d00000| Untracked 
|  66|0x0000000704e00000, 0x0000000704e00000, 0x0000000704f00000|  0%| F|  |TAMS 0x0000000704e00000, 0x0000000704e00000| Untracked 
|  67|0x0000000704f00000, 0x0000000704f00000, 0x0000000705000000|  0%| F|  |TAMS 0x0000000704f00000, 0x0000000704f00000| Untracked 
|  68|0x0000000705000000, 0x0000000705000000, 0x0000000705100000|  0%| F|  |TAMS 0x0000000705000000, 0x0000000705000000| Untracked 
|  69|0x0000000705100000, 0x0000000705100000, 0x0000000705200000|  0%| F|  |TAMS 0x0000000705100000, 0x0000000705100000| Untracked 
|  70|0x0000000705200000, 0x0000000705200000, 0x0000000705300000|  0%| F|  |TAMS 0x0000000705200000, 0x0000000705200000| Untracked 
|  71|0x0000000705300000, 0x0000000705300000, 0x0000000705400000|  0%| F|  |TAMS 0x0000000705300000, 0x0000000705300000| Untracked 
|  72|0x0000000705400000, 0x0000000705400000, 0x0000000705500000|  0%| F|  |TAMS 0x0000000705400000, 0x0000000705400000| Untracked 
|  73|0x0000000705500000, 0x0000000705500000, 0x0000000705600000|  0%| F|  |TAMS 0x0000000705500000, 0x0000000705500000| Untracked 
|  74|0x0000000705600000, 0x0000000705600000, 0x0000000705700000|  0%| F|  |TAMS 0x0000000705600000, 0x0000000705600000| Untracked 
|  75|0x0000000705700000, 0x0000000705700000, 0x0000000705800000|  0%| F|  |TAMS 0x0000000705700000, 0x0000000705700000| Untracked 
|  76|0x0000000705800000, 0x0000000705800000, 0x0000000705900000|  0%| F|  |TAMS 0x0000000705800000, 0x0000000705800000| Untracked 
|  77|0x0000000705900000, 0x0000000705900000, 0x0000000705a00000|  0%| F|  |TAMS 0x0000000705900000, 0x0000000705900000| Untracked 
|  78|0x0000000705a00000, 0x0000000705a00000, 0x0000000705b00000|  0%| F|  |TAMS 0x0000000705a00000, 0x0000000705a00000| Untracked 
|  79|0x0000000705b00000, 0x0000000705b00000, 0x0000000705c00000|  0%| F|  |TAMS 0x0000000705b00000, 0x0000000705b00000| Untracked 
|  80|0x0000000705c00000, 0x0000000705c00000, 0x0000000705d00000|  0%| F|  |TAMS 0x0000000705c00000, 0x0000000705c00000| Untracked 
|  81|0x0000000705d00000, 0x0000000705d00000, 0x0000000705e00000|  0%| F|  |TAMS 0x0000000705d00000, 0x0000000705d00000| Untracked 
|  82|0x0000000705e00000, 0x0000000705e00000, 0x0000000705f00000|  0%| F|  |TAMS 0x0000000705e00000, 0x0000000705e00000| Untracked 
|  83|0x0000000705f00000, 0x0000000705f00000, 0x0000000706000000|  0%| F|  |TAMS 0x0000000705f00000, 0x0000000705f00000| Untracked 
|  84|0x0000000706000000, 0x0000000706000000, 0x0000000706100000|  0%| F|  |TAMS 0x0000000706000000, 0x0000000706000000| Untracked 
|  85|0x0000000706100000, 0x0000000706100000, 0x0000000706200000|  0%| F|  |TAMS 0x0000000706100000, 0x0000000706100000| Untracked 
|  86|0x0000000706200000, 0x0000000706200000, 0x0000000706300000|  0%| F|  |TAMS 0x0000000706200000, 0x0000000706200000| Untracked 
|  87|0x0000000706300000, 0x0000000706300000, 0x0000000706400000|  0%| F|  |TAMS 0x0000000706300000, 0x0000000706300000| Untracked 
|  88|0x0000000706400000, 0x0000000706400000, 0x0000000706500000|  0%| F|  |TAMS 0x0000000706400000, 0x0000000706400000| Untracked 
|  89|0x0000000706500000, 0x0000000706500000, 0x0000000706600000|  0%| F|  |TAMS 0x0000000706500000, 0x0000000706500000| Untracked 
|  90|0x0000000706600000, 0x0000000706600000, 0x0000000706700000|  0%| F|  |TAMS 0x0000000706600000, 0x0000000706600000| Untracked 
|  91|0x0000000706700000, 0x0000000706700000, 0x0000000706800000|  0%| F|  |TAMS 0x0000000706700000, 0x0000000706700000| Untracked 
|  92|0x0000000706800000, 0x0000000706800000, 0x0000000706900000|  0%| F|  |TAMS 0x0000000706800000, 0x0000000706800000| Untracked 
|  93|0x0000000706900000, 0x0000000706900000, 0x0000000706a00000|  0%| F|  |TAMS 0x0000000706900000, 0x0000000706900000| Untracked 
|  94|0x0000000706a00000, 0x0000000706a00000, 0x0000000706b00000|  0%| F|  |TAMS 0x0000000706a00000, 0x0000000706a00000| Untracked 
|  95|0x0000000706b00000, 0x0000000706b00000, 0x0000000706c00000|  0%| F|  |TAMS 0x0000000706b00000, 0x0000000706b00000| Untracked 
|  96|0x0000000706c00000, 0x0000000706c00000, 0x0000000706d00000|  0%| F|  |TAMS 0x0000000706c00000, 0x0000000706c00000| Untracked 
|  97|0x0000000706d00000, 0x0000000706d00000, 0x0000000706e00000|  0%| F|  |TAMS 0x0000000706d00000, 0x0000000706d00000| Untracked 
|  98|0x0000000706e00000, 0x0000000706e00000, 0x0000000706f00000|  0%| F|  |TAMS 0x0000000706e00000, 0x0000000706e00000| Untracked 
|  99|0x0000000706f00000, 0x0000000706f00000, 0x0000000707000000|  0%| F|  |TAMS 0x0000000706f00000, 0x0000000706f00000| Untracked 
| 100|0x0000000707000000, 0x0000000707000000, 0x0000000707100000|  0%| F|  |TAMS 0x0000000707000000, 0x0000000707000000| Untracked 
| 101|0x0000000707100000, 0x0000000707100000, 0x0000000707200000|  0%| F|  |TAMS 0x0000000707100000, 0x0000000707100000| Untracked 
| 102|0x0000000707200000, 0x0000000707200000, 0x0000000707300000|  0%| F|  |TAMS 0x0000000707200000, 0x0000000707200000| Untracked 
| 103|0x0000000707300000, 0x0000000707300000, 0x0000000707400000|  0%| F|  |TAMS 0x0000000707300000, 0x0000000707300000| Untracked 
| 104|0x0000000707400000, 0x0000000707400000, 0x0000000707500000|  0%| F|  |TAMS 0x0000000707400000, 0x0000000707400000| Untracked 
| 105|0x0000000707500000, 0x0000000707500000, 0x0000000707600000|  0%| F|  |TAMS 0x0000000707500000, 0x0000000707500000| Untracked 
| 106|0x0000000707600000, 0x0000000707600000, 0x0000000707700000|  0%| F|  |TAMS 0x0000000707600000, 0x0000000707600000| Untracked 
| 107|0x0000000707700000, 0x0000000707700000, 0x0000000707800000|  0%| F|  |TAMS 0x0000000707700000, 0x0000000707700000| Untracked 
| 108|0x0000000707800000, 0x0000000707800000, 0x0000000707900000|  0%| F|  |TAMS 0x0000000707800000, 0x0000000707800000| Untracked 
| 109|0x0000000707900000, 0x0000000707900000, 0x0000000707a00000|  0%| F|  |TAMS 0x0000000707900000, 0x0000000707900000| Untracked 
| 110|0x0000000707a00000, 0x0000000707a00000, 0x0000000707b00000|  0%| F|  |TAMS 0x0000000707a00000, 0x0000000707a00000| Untracked 
| 111|0x0000000707b00000, 0x0000000707b00000, 0x0000000707c00000|  0%| F|  |TAMS 0x0000000707b00000, 0x0000000707b00000| Untracked 
| 112|0x0000000707c00000, 0x0000000707c00000, 0x0000000707d00000|  0%| F|  |TAMS 0x0000000707c00000, 0x0000000707c00000| Untracked 
| 113|0x0000000707d00000, 0x0000000707d00000, 0x0000000707e00000|  0%| F|  |TAMS 0x0000000707d00000, 0x0000000707d00000| Untracked 
| 114|0x0000000707e00000, 0x0000000707e00000, 0x0000000707f00000|  0%| F|  |TAMS 0x0000000707e00000, 0x0000000707e00000| Untracked 
| 115|0x0000000707f00000, 0x0000000707f00000, 0x0000000708000000|  0%| F|  |TAMS 0x0000000707f00000, 0x0000000707f00000| Untracked 
| 116|0x0000000708000000, 0x0000000708000000, 0x0000000708100000|  0%| F|  |TAMS 0x0000000708000000, 0x0000000708000000| Untracked 
| 117|0x0000000708100000, 0x0000000708100000, 0x0000000708200000|  0%| F|  |TAMS 0x0000000708100000, 0x0000000708100000| Untracked 
| 118|0x0000000708200000, 0x0000000708200000, 0x0000000708300000|  0%| F|  |TAMS 0x0000000708200000, 0x0000000708200000| Untracked 
| 119|0x0000000708300000, 0x0000000708300000, 0x0000000708400000|  0%| F|  |TAMS 0x0000000708300000, 0x0000000708300000| Untracked 
| 120|0x0000000708400000, 0x0000000708400000, 0x0000000708500000|  0%| F|  |TAMS 0x0000000708400000, 0x0000000708400000| Untracked 
| 121|0x0000000708500000, 0x0000000708500000, 0x0000000708600000|  0%| F|  |TAMS 0x0000000708500000, 0x0000000708500000| Untracked 
| 122|0x0000000708600000, 0x0000000708600000, 0x0000000708700000|  0%| F|  |TAMS 0x0000000708600000, 0x0000000708600000| Untracked 
| 123|0x0000000708700000, 0x0000000708700000, 0x0000000708800000|  0%| F|  |TAMS 0x0000000708700000, 0x0000000708700000| Untracked 
| 124|0x0000000708800000, 0x0000000708800000, 0x0000000708900000|  0%| F|  |TAMS 0x0000000708800000, 0x0000000708800000| Untracked 
| 125|0x0000000708900000, 0x0000000708900000, 0x0000000708a00000|  0%| F|  |TAMS 0x0000000708900000, 0x0000000708900000| Untracked 
| 126|0x0000000708a00000, 0x0000000708a00000, 0x0000000708b00000|  0%| F|  |TAMS 0x0000000708a00000, 0x0000000708a00000| Untracked 
| 127|0x0000000708b00000, 0x0000000708b00000, 0x0000000708c00000|  0%| F|  |TAMS 0x0000000708b00000, 0x0000000708b00000| Untracked 
| 128|0x0000000708c00000, 0x0000000708c00000, 0x0000000708d00000|  0%| F|  |TAMS 0x0000000708c00000, 0x0000000708c00000| Untracked 
| 129|0x0000000708d00000, 0x0000000708d00000, 0x0000000708e00000|  0%| F|  |TAMS 0x0000000708d00000, 0x0000000708d00000| Untracked 
| 130|0x0000000708e00000, 0x0000000708e00000, 0x0000000708f00000|  0%| F|  |TAMS 0x0000000708e00000, 0x0000000708e00000| Untracked 
| 131|0x0000000708f00000, 0x0000000708f00000, 0x0000000709000000|  0%| F|  |TAMS 0x0000000708f00000, 0x0000000708f00000| Untracked 
| 132|0x0000000709000000, 0x0000000709000000, 0x0000000709100000|  0%| F|  |TAMS 0x0000000709000000, 0x0000000709000000| Untracked 
| 133|0x0000000709100000, 0x0000000709100000, 0x0000000709200000|  0%| F|  |TAMS 0x0000000709100000, 0x0000000709100000| Untracked 
| 134|0x0000000709200000, 0x0000000709200000, 0x0000000709300000|  0%| F|  |TAMS 0x0000000709200000, 0x0000000709200000| Untracked 
| 135|0x0000000709300000, 0x0000000709300000, 0x0000000709400000|  0%| F|  |TAMS 0x0000000709300000, 0x0000000709300000| Untracked 
| 136|0x0000000709400000, 0x0000000709400000, 0x0000000709500000|  0%| F|  |TAMS 0x0000000709400000, 0x0000000709400000| Untracked 
| 137|0x0000000709500000, 0x0000000709500000, 0x0000000709600000|  0%| F|  |TAMS 0x0000000709500000, 0x0000000709500000| Untracked 
| 138|0x0000000709600000, 0x0000000709600000, 0x0000000709700000|  0%| F|  |TAMS 0x0000000709600000, 0x0000000709600000| Untracked 
| 139|0x0000000709700000, 0x0000000709700000, 0x0000000709800000|  0%| F|  |TAMS 0x0000000709700000, 0x0000000709700000| Untracked 
| 140|0x0000000709800000, 0x0000000709800000, 0x0000000709900000|  0%| F|  |TAMS 0x0000000709800000, 0x0000000709800000| Untracked 
| 141|0x0000000709900000, 0x0000000709900000, 0x0000000709a00000|  0%| F|  |TAMS 0x0000000709900000, 0x0000000709900000| Untracked 
| 142|0x0000000709a00000, 0x0000000709a00000, 0x0000000709b00000|  0%| F|  |TAMS 0x0000000709a00000, 0x0000000709a00000| Untracked 
| 143|0x0000000709b00000, 0x0000000709b00000, 0x0000000709c00000|  0%| F|  |TAMS 0x0000000709b00000, 0x0000000709b00000| Untracked 
| 144|0x0000000709c00000, 0x0000000709c00000, 0x0000000709d00000|  0%| F|  |TAMS 0x0000000709c00000, 0x0000000709c00000| Untracked 
| 145|0x0000000709d00000, 0x0000000709d00000, 0x0000000709e00000|  0%| F|  |TAMS 0x0000000709d00000, 0x0000000709d00000| Untracked 
| 146|0x0000000709e00000, 0x0000000709e00000, 0x0000000709f00000|  0%| F|  |TAMS 0x0000000709e00000, 0x0000000709e00000| Untracked 
| 147|0x0000000709f00000, 0x0000000709f00000, 0x000000070a000000|  0%| F|  |TAMS 0x0000000709f00000, 0x0000000709f00000| Untracked 
| 148|0x000000070a000000, 0x000000070a000000, 0x000000070a100000|  0%| F|  |TAMS 0x000000070a000000, 0x000000070a000000| Untracked 
| 149|0x000000070a100000, 0x000000070a100000, 0x000000070a200000|  0%| F|  |TAMS 0x000000070a100000, 0x000000070a100000| Untracked 
| 150|0x000000070a200000, 0x000000070a200000, 0x000000070a300000|  0%| F|  |TAMS 0x000000070a200000, 0x000000070a200000| Untracked 
| 151|0x000000070a300000, 0x000000070a300000, 0x000000070a400000|  0%| F|  |TAMS 0x000000070a300000, 0x000000070a300000| Untracked 
| 152|0x000000070a400000, 0x000000070a400000, 0x000000070a500000|  0%| F|  |TAMS 0x000000070a400000, 0x000000070a400000| Untracked 
| 153|0x000000070a500000, 0x000000070a500000, 0x000000070a600000|  0%| F|  |TAMS 0x000000070a500000, 0x000000070a500000| Untracked 
| 154|0x000000070a600000, 0x000000070a600000, 0x000000070a700000|  0%| F|  |TAMS 0x000000070a600000, 0x000000070a600000| Untracked 
| 155|0x000000070a700000, 0x000000070a700000, 0x000000070a800000|  0%| F|  |TAMS 0x000000070a700000, 0x000000070a700000| Untracked 
| 156|0x000000070a800000, 0x000000070a800000, 0x000000070a900000|  0%| F|  |TAMS 0x000000070a800000, 0x000000070a800000| Untracked 
| 157|0x000000070a900000, 0x000000070a900000, 0x000000070aa00000|  0%| F|  |TAMS 0x000000070a900000, 0x000000070a900000| Untracked 
| 158|0x000000070aa00000, 0x000000070aa00000, 0x000000070ab00000|  0%| F|  |TAMS 0x000000070aa00000, 0x000000070aa00000| Untracked 
| 159|0x000000070ab00000, 0x000000070ab00000, 0x000000070ac00000|  0%| F|  |TAMS 0x000000070ab00000, 0x000000070ab00000| Untracked 
| 160|0x000000070ac00000, 0x000000070ac00000, 0x000000070ad00000|  0%| F|  |TAMS 0x000000070ac00000, 0x000000070ac00000| Untracked 
| 161|0x000000070ad00000, 0x000000070ad00000, 0x000000070ae00000|  0%| F|  |TAMS 0x000000070ad00000, 0x000000070ad00000| Untracked 
| 162|0x000000070ae00000, 0x000000070ae00000, 0x000000070af00000|  0%| F|  |TAMS 0x000000070ae00000, 0x000000070ae00000| Untracked 
| 163|0x000000070af00000, 0x000000070af00000, 0x000000070b000000|  0%| F|  |TAMS 0x000000070af00000, 0x000000070af00000| Untracked 
| 164|0x000000070b000000, 0x000000070b000000, 0x000000070b100000|  0%| F|  |TAMS 0x000000070b000000, 0x000000070b000000| Untracked 
| 165|0x000000070b100000, 0x000000070b100000, 0x000000070b200000|  0%| F|  |TAMS 0x000000070b100000, 0x000000070b100000| Untracked 
| 166|0x000000070b200000, 0x000000070b200000, 0x000000070b300000|  0%| F|  |TAMS 0x000000070b200000, 0x000000070b200000| Untracked 
| 167|0x000000070b300000, 0x000000070b300000, 0x000000070b400000|  0%| F|  |TAMS 0x000000070b300000, 0x000000070b300000| Untracked 
| 168|0x000000070b400000, 0x000000070b400000, 0x000000070b500000|  0%| F|  |TAMS 0x000000070b400000, 0x000000070b400000| Untracked 
| 169|0x000000070b500000, 0x000000070b500000, 0x000000070b600000|  0%| F|  |TAMS 0x000000070b500000, 0x000000070b500000| Untracked 
| 170|0x000000070b600000, 0x000000070b600000, 0x000000070b700000|  0%| F|  |TAMS 0x000000070b600000, 0x000000070b600000| Untracked 
| 171|0x000000070b700000, 0x000000070b700000, 0x000000070b800000|  0%| F|  |TAMS 0x000000070b700000, 0x000000070b700000| Untracked 
| 172|0x000000070b800000, 0x000000070b800000, 0x000000070b900000|  0%| F|  |TAMS 0x000000070b800000, 0x000000070b800000| Untracked 
| 173|0x000000070b900000, 0x000000070b900000, 0x000000070ba00000|  0%| F|  |TAMS 0x000000070b900000, 0x000000070b900000| Untracked 
| 174|0x000000070ba00000, 0x000000070ba00000, 0x000000070bb00000|  0%| F|  |TAMS 0x000000070ba00000, 0x000000070ba00000| Untracked 
| 175|0x000000070bb00000, 0x000000070bb00000, 0x000000070bc00000|  0%| F|  |TAMS 0x000000070bb00000, 0x000000070bb00000| Untracked 
| 176|0x000000070bc00000, 0x000000070bc00000, 0x000000070bd00000|  0%| F|  |TAMS 0x000000070bc00000, 0x000000070bc00000| Untracked 
| 177|0x000000070bd00000, 0x000000070bd00000, 0x000000070be00000|  0%| F|  |TAMS 0x000000070bd00000, 0x000000070bd00000| Untracked 
| 178|0x000000070be00000, 0x000000070be00000, 0x000000070bf00000|  0%| F|  |TAMS 0x000000070be00000, 0x000000070be00000| Untracked 
| 179|0x000000070bf00000, 0x000000070bf00000, 0x000000070c000000|  0%| F|  |TAMS 0x000000070bf00000, 0x000000070bf00000| Untracked 
| 180|0x000000070c000000, 0x000000070c000000, 0x000000070c100000|  0%| F|  |TAMS 0x000000070c000000, 0x000000070c000000| Untracked 
| 181|0x000000070c100000, 0x000000070c100000, 0x000000070c200000|  0%| F|  |TAMS 0x000000070c100000, 0x000000070c100000| Untracked 
| 182|0x000000070c200000, 0x000000070c200000, 0x000000070c300000|  0%| F|  |TAMS 0x000000070c200000, 0x000000070c200000| Untracked 
| 183|0x000000070c300000, 0x000000070c300000, 0x000000070c400000|  0%| F|  |TAMS 0x000000070c300000, 0x000000070c300000| Untracked 
| 184|0x000000070c400000, 0x000000070c400000, 0x000000070c500000|  0%| F|  |TAMS 0x000000070c400000, 0x000000070c400000| Untracked 
| 185|0x000000070c500000, 0x000000070c500000, 0x000000070c600000|  0%| F|  |TAMS 0x000000070c500000, 0x000000070c500000| Untracked 
| 186|0x000000070c600000, 0x000000070c600000, 0x000000070c700000|  0%| F|  |TAMS 0x000000070c600000, 0x000000070c600000| Untracked 
| 187|0x000000070c700000, 0x000000070c700000, 0x000000070c800000|  0%| F|  |TAMS 0x000000070c700000, 0x000000070c700000| Untracked 
| 188|0x000000070c800000, 0x000000070c800000, 0x000000070c900000|  0%| F|  |TAMS 0x000000070c800000, 0x000000070c800000| Untracked 
| 189|0x000000070c900000, 0x000000070c900000, 0x000000070ca00000|  0%| F|  |TAMS 0x000000070c900000, 0x000000070c900000| Untracked 
| 190|0x000000070ca00000, 0x000000070ca00000, 0x000000070cb00000|  0%| F|  |TAMS 0x000000070ca00000, 0x000000070ca00000| Untracked 
| 191|0x000000070cb00000, 0x000000070cb00000, 0x000000070cc00000|  0%| F|  |TAMS 0x000000070cb00000, 0x000000070cb00000| Untracked 
| 192|0x000000070cc00000, 0x000000070cc00000, 0x000000070cd00000|  0%| F|  |TAMS 0x000000070cc00000, 0x000000070cc00000| Untracked 
| 193|0x000000070cd00000, 0x000000070cd00000, 0x000000070ce00000|  0%| F|  |TAMS 0x000000070cd00000, 0x000000070cd00000| Untracked 
| 194|0x000000070ce00000, 0x000000070ce00000, 0x000000070cf00000|  0%| F|  |TAMS 0x000000070ce00000, 0x000000070ce00000| Untracked 
| 195|0x000000070cf00000, 0x000000070cf00000, 0x000000070d000000|  0%| F|  |TAMS 0x000000070cf00000, 0x000000070cf00000| Untracked 
| 196|0x000000070d000000, 0x000000070d000000, 0x000000070d100000|  0%| F|  |TAMS 0x000000070d000000, 0x000000070d000000| Untracked 
| 197|0x000000070d100000, 0x000000070d100000, 0x000000070d200000|  0%| F|  |TAMS 0x000000070d100000, 0x000000070d100000| Untracked 
| 198|0x000000070d200000, 0x000000070d200000, 0x000000070d300000|  0%| F|  |TAMS 0x000000070d200000, 0x000000070d200000| Untracked 
| 199|0x000000070d300000, 0x000000070d300000, 0x000000070d400000|  0%| F|  |TAMS 0x000000070d300000, 0x000000070d300000| Untracked 
| 200|0x000000070d400000, 0x000000070d400000, 0x000000070d500000|  0%| F|  |TAMS 0x000000070d400000, 0x000000070d400000| Untracked 
| 201|0x000000070d500000, 0x000000070d500000, 0x000000070d600000|  0%| F|  |TAMS 0x000000070d500000, 0x000000070d500000| Untracked 
| 202|0x000000070d600000, 0x000000070d600000, 0x000000070d700000|  0%| F|  |TAMS 0x000000070d600000, 0x000000070d600000| Untracked 
| 203|0x000000070d700000, 0x000000070d700000, 0x000000070d800000|  0%| F|  |TAMS 0x000000070d700000, 0x000000070d700000| Untracked 
| 204|0x000000070d800000, 0x000000070d800000, 0x000000070d900000|  0%| F|  |TAMS 0x000000070d800000, 0x000000070d800000| Untracked 
| 205|0x000000070d900000, 0x000000070d900000, 0x000000070da00000|  0%| F|  |TAMS 0x000000070d900000, 0x000000070d900000| Untracked 
| 206|0x000000070da00000, 0x000000070da00000, 0x000000070db00000|  0%| F|  |TAMS 0x000000070da00000, 0x000000070da00000| Untracked 
| 207|0x000000070db00000, 0x000000070db00000, 0x000000070dc00000|  0%| F|  |TAMS 0x000000070db00000, 0x000000070db00000| Untracked 
| 208|0x000000070dc00000, 0x000000070dc00000, 0x000000070dd00000|  0%| F|  |TAMS 0x000000070dc00000, 0x000000070dc00000| Untracked 
| 209|0x000000070dd00000, 0x000000070dd80800, 0x000000070de00000| 50%| E|  |TAMS 0x000000070dd00000, 0x000000070dd00000| Complete 
| 210|0x000000070de00000, 0x000000070df00000, 0x000000070df00000|100%| E|CS|TAMS 0x000000070de00000, 0x000000070de00000| Complete 
| 211|0x000000070df00000, 0x000000070e000000, 0x000000070e000000|100%| E|CS|TAMS 0x000000070df00000, 0x000000070df00000| Complete 
| 212|0x000000070e000000, 0x000000070e100000, 0x000000070e100000|100%| E|CS|TAMS 0x000000070e000000, 0x000000070e000000| Complete 
| 213|0x000000070e100000, 0x000000070e200000, 0x000000070e200000|100%| E|CS|TAMS 0x000000070e100000, 0x000000070e100000| Complete 
| 214|0x000000070e200000, 0x000000070e300000, 0x000000070e300000|100%| E|CS|TAMS 0x000000070e200000, 0x000000070e200000| Complete 
| 215|0x000000070e300000, 0x000000070e400000, 0x000000070e400000|100%| E|CS|TAMS 0x000000070e300000, 0x000000070e300000| Complete 
| 216|0x000000070e400000, 0x000000070e500000, 0x000000070e500000|100%| E|CS|TAMS 0x000000070e400000, 0x000000070e400000| Complete 
| 217|0x000000070e500000, 0x000000070e600000, 0x000000070e600000|100%| E|CS|TAMS 0x000000070e500000, 0x000000070e500000| Complete 
| 218|0x000000070e600000, 0x000000070e700000, 0x000000070e700000|100%| E|CS|TAMS 0x000000070e600000, 0x000000070e600000| Complete 
| 219|0x000000070e700000, 0x000000070e800000, 0x000000070e800000|100%| E|CS|TAMS 0x000000070e700000, 0x000000070e700000| Complete 
| 220|0x000000070e800000, 0x000000070e900000, 0x000000070e900000|100%| E|CS|TAMS 0x000000070e800000, 0x000000070e800000| Complete 
| 221|0x000000070e900000, 0x000000070ea00000, 0x000000070ea00000|100%| E|CS|TAMS 0x000000070e900000, 0x000000070e900000| Complete 
| 222|0x000000070ea00000, 0x000000070eb00000, 0x000000070eb00000|100%| E|CS|TAMS 0x000000070ea00000, 0x000000070ea00000| Complete 
| 223|0x000000070eb00000, 0x000000070ec00000, 0x000000070ec00000|100%| E|CS|TAMS 0x000000070eb00000, 0x000000070eb00000| Complete 
| 224|0x000000070ec00000, 0x000000070ed00000, 0x000000070ed00000|100%| E|CS|TAMS 0x000000070ec00000, 0x000000070ec00000| Complete 
| 225|0x000000070ed00000, 0x000000070ee00000, 0x000000070ee00000|100%| E|CS|TAMS 0x000000070ed00000, 0x000000070ed00000| Complete 
| 226|0x000000070ee00000, 0x000000070ef00000, 0x000000070ef00000|100%| E|CS|TAMS 0x000000070ee00000, 0x000000070ee00000| Complete 
| 227|0x000000070ef00000, 0x000000070f000000, 0x000000070f000000|100%| E|CS|TAMS 0x000000070ef00000, 0x000000070ef00000| Complete 
| 228|0x000000070f000000, 0x000000070f100000, 0x000000070f100000|100%| E|CS|TAMS 0x000000070f000000, 0x000000070f000000| Complete 
| 229|0x000000070f100000, 0x000000070f200000, 0x000000070f200000|100%| E|CS|TAMS 0x000000070f100000, 0x000000070f100000| Complete 
| 230|0x000000070f200000, 0x000000070f2e7868, 0x000000070f300000| 90%| S|CS|TAMS 0x000000070f200000, 0x000000070f200000| Complete 
| 231|0x000000070f300000, 0x000000070f400000, 0x000000070f400000|100%| S|CS|TAMS 0x000000070f300000, 0x000000070f300000| Complete 
| 232|0x000000070f400000, 0x000000070f500000, 0x000000070f500000|100%| E|CS|TAMS 0x000000070f400000, 0x000000070f400000| Complete 
| 233|0x000000070f500000, 0x000000070f600000, 0x000000070f600000|100%| E|CS|TAMS 0x000000070f500000, 0x000000070f500000| Complete 
| 234|0x000000070f600000, 0x000000070f700000, 0x000000070f700000|100%| E|CS|TAMS 0x000000070f600000, 0x000000070f600000| Complete 
| 235|0x000000070f700000, 0x000000070f800000, 0x000000070f800000|100%| E|CS|TAMS 0x000000070f700000, 0x000000070f700000| Complete 
| 236|0x000000070f800000, 0x000000070f900000, 0x000000070f900000|100%| E|CS|TAMS 0x000000070f800000, 0x000000070f800000| Complete 
| 237|0x000000070f900000, 0x000000070fa00000, 0x000000070fa00000|100%| E|CS|TAMS 0x000000070f900000, 0x000000070f900000| Complete 
| 238|0x000000070fa00000, 0x000000070fb00000, 0x000000070fb00000|100%| E|CS|TAMS 0x000000070fa00000, 0x000000070fa00000| Complete 
| 239|0x000000070fb00000, 0x000000070fc00000, 0x000000070fc00000|100%| E|CS|TAMS 0x000000070fb00000, 0x000000070fb00000| Complete 
| 240|0x000000070fc00000, 0x000000070fd00000, 0x000000070fd00000|100%| E|CS|TAMS 0x000000070fc00000, 0x000000070fc00000| Complete 
| 241|0x000000070fd00000, 0x000000070fe00000, 0x000000070fe00000|100%| E|CS|TAMS 0x000000070fd00000, 0x000000070fd00000| Complete 
| 242|0x000000070fe00000, 0x000000070ff00000, 0x000000070ff00000|100%| E|CS|TAMS 0x000000070fe00000, 0x000000070fe00000| Complete 
| 243|0x000000070ff00000, 0x0000000710000000, 0x0000000710000000|100%| E|CS|TAMS 0x000000070ff00000, 0x000000070ff00000| Complete 
| 244|0x0000000710000000, 0x0000000710100000, 0x0000000710100000|100%| E|CS|TAMS 0x0000000710000000, 0x0000000710000000| Complete 
| 245|0x0000000710100000, 0x0000000710200000, 0x0000000710200000|100%| E|  |TAMS 0x0000000710100000, 0x0000000710100000| Complete 
| 246|0x0000000710200000, 0x0000000710300000, 0x0000000710300000|100%| E|CS|TAMS 0x0000000710200000, 0x0000000710200000| Complete 
| 247|0x0000000710300000, 0x0000000710400000, 0x0000000710400000|100%| E|CS|TAMS 0x0000000710300000, 0x0000000710300000| Complete 
| 248|0x0000000710400000, 0x0000000710500000, 0x0000000710500000|100%| E|CS|TAMS 0x0000000710400000, 0x0000000710400000| Complete 
| 249|0x0000000710500000, 0x0000000710600000, 0x0000000710600000|100%| E|CS|TAMS 0x0000000710500000, 0x0000000710500000| Complete 
| 250|0x0000000710600000, 0x0000000710700000, 0x0000000710700000|100%| E|CS|TAMS 0x0000000710600000, 0x0000000710600000| Complete 
| 251|0x0000000710700000, 0x0000000710800000, 0x0000000710800000|100%| E|CS|TAMS 0x0000000710700000, 0x0000000710700000| Complete 
| 252|0x0000000710800000, 0x0000000710900000, 0x0000000710900000|100%| E|CS|TAMS 0x0000000710800000, 0x0000000710800000| Complete 
| 253|0x0000000710900000, 0x0000000710a00000, 0x0000000710a00000|100%| E|CS|TAMS 0x0000000710900000, 0x0000000710900000| Complete 
| 254|0x0000000710a00000, 0x0000000710b00000, 0x0000000710b00000|100%| E|CS|TAMS 0x0000000710a00000, 0x0000000710a00000| Complete 
| 255|0x0000000710b00000, 0x0000000710c00000, 0x0000000710c00000|100%| E|CS|TAMS 0x0000000710b00000, 0x0000000710b00000| Complete 

Card table byte_map: [0x0000004e246b0000,0x0000004e24eb0000] _byte_map_base: 0x0000004e20eaa000

Marking Bits (Prev, Next): (CMBitMap*) 0x0000004e0c27a628, (CMBitMap*) 0x0000004e0c27a660
 Prev Bits: [0x0000004e256b0000, 0x0000004e29680000)
 Next Bits: [0x0000004e29680000, 0x0000004e2d650000)

Polling page: 0x0000004e0a160000

Metaspace:

Usage:
  Non-class:     16.56 MB capacity,    16.37 MB ( 99%) used,   158.84 KB ( <1%) free+waste,    28.88 KB ( <1%) overhead. 
      Class:      2.16 MB capacity,     2.05 MB ( 95%) used,   100.07 KB (  5%) free+waste,    12.81 KB ( <1%) overhead. 
       Both:     18.71 MB capacity,    18.42 MB ( 98%) used,   258.91 KB (  1%) free+waste,    41.69 KB ( <1%) overhead. 

Virtual space:
  Non-class space:       18.00 MB reserved,      16.75 MB ( 93%) committed 
      Class space:        1.00 GB reserved,       2.25 MB ( <1%) committed 
             Both:        1.02 GB reserved,      19.00 MB (  2%) committed 

Chunk freelists:
   Non-Class:  7.00 KB
       Class:  31.00 KB
        Both:  38.00 KB

MaxMetaspaceSize: 17179869184.00 GB
CompressedClassSpaceSize: 1.00 GB

CodeHeap 'non-profiled nmethods': size=120000Kb used=473Kb max_used=473Kb free=119526Kb
 bounds [0x0000004e1c320000, 0x0000004e1c590000, 0x0000004e23850000]
CodeHeap 'profiled nmethods': size=120000Kb used=2302Kb max_used=2302Kb free=117697Kb
 bounds [0x0000004e14df0000, 0x0000004e15060000, 0x0000004e1c320000]
CodeHeap 'non-nmethods': size=5760Kb used=1108Kb max_used=1125Kb free=4651Kb
 bounds [0x0000004e14850000, 0x0000004e14ac0000, 0x0000004e14df0000]
 total_blobs=1719 nmethods=1294 adapters=337
 compilation: enabled
              stopped_count=0, restarted_count=0
 full_count=0

Compilation events (20 events):
Event: 0.778 Thread 0x0000004e31128000 nmethod 1284 0x0000004e1502a710 code [0x0000004e1502a920, 0x0000004e1502ae48]
Event: 0.778 Thread 0x0000004e31128000 1285       3       java.util.jar.Attributes::putValue (13 bytes)
Event: 0.779 Thread 0x0000004e31128000 nmethod 1285 0x0000004e1502b010 code [0x0000004e1502b280, 0x0000004e1502bd48]
Event: 0.779 Thread 0x0000004e31128000 1286       3       java.util.jar.Attributes$Name::of (28 bytes)
Event: 0.779 Thread 0x0000004e31128000 nmethod 1286 0x0000004e1502c090 code [0x0000004e1502c2c0, 0x0000004e1502c998]
Event: 0.783 Thread 0x0000004e312a5000 nmethod 1279 0x0000004e1c394c10 code [0x0000004e1c394dc0, 0x0000004e1c3954f8]
Event: 0.785 Thread 0x0000004e31128000 1288       3       java.time.LocalTime::ofNanoOfDay (68 bytes)
Event: 0.785 Thread 0x0000004e31128000 nmethod 1288 0x0000004e1502cc10 code [0x0000004e1502ce40, 0x0000004e1502d598]
Event: 0.785 Thread 0x0000004e31128000 1290       3       java.util.regex.Matcher::groupCount (10 bytes)
Event: 0.785 Thread 0x0000004e31128000 nmethod 1290 0x0000004e1502d910 code [0x0000004e1502dac0, 0x0000004e1502dbd8]
Event: 0.785 Thread 0x0000004e31128000 1289       3       java.time.LocalTime::create (26 bytes)
Event: 0.786 Thread 0x0000004e31128000 nmethod 1289 0x0000004e1502dc90 code [0x0000004e1502de60, 0x0000004e1502e0f8]
Event: 0.787 Thread 0x0000004e3111a000 1291       4       jdk.internal.org.objectweb.asm.Item::<init> (66 bytes)
Event: 0.788 Thread 0x0000004e312a5000 1292       4       jdk.internal.org.objectweb.asm.ClassWriter::put (152 bytes)
Event: 0.789 Thread 0x0000004e31128000 1293       3       jdk.internal.org.objectweb.asm.Label::resolve (214 bytes)
Event: 0.789 Thread 0x0000004e31128000 nmethod 1293 0x0000004e1502e290 code [0x0000004e1502e480, 0x0000004e1502e938]
Event: 0.789 Thread 0x0000004e3111a000 nmethod 1291 0x0000004e1c395a90 code [0x0000004e1c395c20, 0x0000004e1c395f18]
Event: 0.790 Thread 0x0000004e312a5000 nmethod 1292 0x0000004e1c395f90 code [0x0000004e1c396120, 0x0000004e1c3963f8]
Event: 0.790 Thread 0x0000004e31128000 1294       3       jdk.internal.util.jar.JarIndex::get (49 bytes)
Event: 0.791 Thread 0x0000004e31128000 nmethod 1294 0x0000004e1502ec10 code [0x0000004e1502ee60, 0x0000004e1502f768]

GC Heap History (2 events):
Event: 0.177 GC heap before
{Heap before GC invocations=0 (full 0):
 garbage-first heap   total 262144K, used 24576K [0x0000000700c00000, 0x0000000800000000)
  region size 1024K, 24 young (24576K), 0 survivors (0K)
 Metaspace       used 6532K, capacity 6607K, committed 6784K, reserved 1056768K
  class space    used 571K, capacity 602K, committed 640K, reserved 1048576K
}
Event: 0.179 GC heap after
{Heap after GC invocations=1 (full 0):
 garbage-first heap   total 262144K, used 2974K [0x0000000700c00000, 0x0000000800000000)
  region size 1024K, 2 young (2048K), 2 survivors (2048K)
 Metaspace       used 6532K, capacity 6607K, committed 6784K, reserved 1056768K
  class space    used 571K, capacity 602K, committed 640K, reserved 1048576K
}

Deoptimization events (20 events):
Event: 0.449 Thread 0x0000004e0c215000 DEOPT PACKING pc=0x0000004e14e805c0 sp=0x0000004e0b9bd130
Event: 0.449 Thread 0x0000004e0c215000 DEOPT UNPACKING pc=0x0000004e1487754e sp=0x0000004e0b9bc648 mode 0
Event: 0.534 Thread 0x0000004e0c215000 Uncommon trap: trap_request=0xffffff4d fr.pc=0x0000004e1c346748 relative=0x0000000000000228
Event: 0.534 Thread 0x0000004e0c215000 Uncommon trap: reason=unstable_if action=reinterpret pc=0x0000004e1c346748 method=java.lang.String.startsWith(Ljava/lang/String;I)Z @ 14 c2
Event: 0.534 Thread 0x0000004e0c215000 DEOPT PACKING pc=0x0000004e1c346748 sp=0x0000004e0b9bed30
Event: 0.534 Thread 0x0000004e0c215000 DEOPT UNPACKING pc=0x0000004e1487772f sp=0x0000004e0b9bec98 mode 2
Event: 0.597 Thread 0x0000004e0c215000 Uncommon trap: trap_request=0xffffff4d fr.pc=0x0000004e1c362aac relative=0x000000000000146c
Event: 0.597 Thread 0x0000004e0c215000 Uncommon trap: reason=unstable_if action=reinterpret pc=0x0000004e1c362aac method=java.util.HashMap.hash(Ljava/lang/Object;)I @ 1 c2
Event: 0.597 Thread 0x0000004e0c215000 DEOPT PACKING pc=0x0000004e1c362aac sp=0x0000004e0b9be060
Event: 0.597 Thread 0x0000004e0c215000 DEOPT UNPACKING pc=0x0000004e1487772f sp=0x0000004e0b9be010 mode 2
Event: 0.612 Thread 0x0000004e0c215000 DEOPT PACKING pc=0x0000004e14e3bcf8 sp=0x0000004e0b9b9dd0
Event: 0.612 Thread 0x0000004e0c215000 DEOPT UNPACKING pc=0x0000004e1487754e sp=0x0000004e0b9b92d8 mode 0
Event: 0.727 Thread 0x0000004e0c215000 Uncommon trap: trap_request=0xffffff4d fr.pc=0x0000004e1c373860 relative=0x0000000000001120
Event: 0.727 Thread 0x0000004e0c215000 Uncommon trap: reason=unstable_if action=reinterpret pc=0x0000004e1c373860 method=java.util.concurrent.ConcurrentHashMap.putVal(Ljava/lang/Object;Ljava/lang/Object;Z)Ljava/lang/Object; @ 148 c2
Event: 0.727 Thread 0x0000004e0c215000 DEOPT PACKING pc=0x0000004e1c373860 sp=0x0000004e0b9bd390
Event: 0.727 Thread 0x0000004e0c215000 DEOPT UNPACKING pc=0x0000004e1487772f sp=0x0000004e0b9bd330 mode 2
Event: 0.765 Thread 0x0000004e0c215000 Uncommon trap: trap_request=0xffffff4d fr.pc=0x0000004e1c36111c relative=0x000000000000025c
Event: 0.765 Thread 0x0000004e0c215000 Uncommon trap: reason=unstable_if action=reinterpret pc=0x0000004e1c36111c method=java.util.concurrent.ConcurrentHashMap.get(Ljava/lang/Object;)Ljava/lang/Object; @ 76 c2
Event: 0.765 Thread 0x0000004e0c215000 DEOPT PACKING pc=0x0000004e1c36111c sp=0x0000004e0b9bcaf0
Event: 0.765 Thread 0x0000004e0c215000 DEOPT UNPACKING pc=0x0000004e1487772f sp=0x0000004e0b9bca68 mode 2

Classes redefined (0 events):
No events

Internal exceptions (14 events):
Event: 0.154 Thread 0x0000004e0c215000 Exception <a 'java/security/PrivilegedActionException'{0x000000071085e5d0}> (0x000000071085e5d0) thrown at [./src/hotspot/share/prims/jvm.cpp, line 1297]
Event: 0.154 Thread 0x0000004e0c215000 Exception <a 'java/security/PrivilegedActionException'{0x000000071085e8a0}> (0x000000071085e8a0) thrown at [./src/hotspot/share/prims/jvm.cpp, line 1297]
Event: 0.157 Thread 0x0000004e0c215000 Exception <a 'java/security/PrivilegedActionException'{0x00000007108aa390}> (0x00000007108aa390) thrown at [./src/hotspot/share/prims/jvm.cpp, line 1297]
Event: 0.157 Thread 0x0000004e0c215000 Exception <a 'java/security/PrivilegedActionException'{0x00000007108aa660}> (0x00000007108aa660) thrown at [./src/hotspot/share/prims/jvm.cpp, line 1297]
Event: 0.306 Thread 0x0000004e0c215000 Exception <a 'java/lang/NoSuchMethodError'{0x000000070f616b78}: 'java.lang.Object java.lang.invoke.DirectMethodHandle$Holder.invokeStatic(java.lang.Object, int, java.lang.Object)'> (0x000000070f616b78) thrown at [./src/hotspot/share/interpreter/linkResolver.cpp, line 773]
Event: 0.511 Thread 0x0000004e0c215000 Exception <a 'java/lang/NoSuchMethodError'{0x000000070eb8f490}: 'java.lang.Object java.lang.invoke.DirectMethodHandle$Holder.invokeStatic(java.lang.Object, java.lang.Object, java.lang.Object, java.lang.Object, java.lang.Object, java.lang.Object, java.lang.Object, java.lang.Object, java.lang.Object, java.lang.Object, java.lang.Object, java.lang.Object, java.lang.Object, java.lang.Object, java.lang.Object)'> (0x000000070eb8f490) thrown at [./src/hotspot/share/interpreter/linkResolver.cpp, line 773]
Event: 0.512 Thread 0x0000004e0c215000 Exception <a 'java/lang/NoSuchMethodError'{0x000000070eb9d040}: 'java.lang.Object java.lang.invoke.DirectMethodHandle$Holder.invokeStatic(java.lang.Object, java.lang.Object, java.lang.Object, java.lang.Object, java.lang.Object, java.lang.Object, java.lang.Object, java.lang.Object, java.lang.Object, java.lang.Object, java.lang.Object, java.lang.Object, java.lang.Object, java.lang.Object, java.lang.Object, java.lang.Object)'> (0x000000070eb9d040) thrown at [./src/hotspot/share/interpreter/linkResolver.cpp, l
Event: 0.513 Thread 0x0000004e0c215000 Exception <a 'java/lang/NoSuchMethodError'{0x000000070ebaacb0}: 'java.lang.Object java.lang.invoke.DirectMethodHandle$Holder.invokeSpecial(java.lang.Object, java.lang.Object, int, int, java.lang.Object, java.lang.Object, java.lang.Object)'> (0x000000070ebaacb0) thrown at [./src/hotspot/share/interpreter/linkResolver.cpp, line 773]
Event: 0.513 Thread 0x0000004e0c215000 Exception <a 'java/lang/NoSuchMethodError'{0x000000070ebae240}: 'java.lang.Object java.lang.invoke.DelegatingMethodHandle$Holder.reinvoke_L(java.lang.Object, int, int, java.lang.Object, java.lang.Object, java.lang.Object)'> (0x000000070ebae240) thrown at [./src/hotspot/share/interpreter/linkResolver.cpp, line 773]
Event: 0.513 Thread 0x0000004e0c215000 Exception <a 'java/lang/NoSuchMethodError'{0x000000070ebb25c8}: 'java.lang.Object java.lang.invoke.DirectMethodHandle$Holder.invokeStatic(java.lang.Object, java.lang.Object, java.lang.Object, java.lang.Object, int)'> (0x000000070ebb25c8) thrown at [./src/hotspot/share/interpreter/linkResolver.cpp, line 773]
Event: 0.571 Thread 0x0000004e0c215000 Exception <a 'java/lang/NullPointerException'{0x000000070e72a7d8}> (0x000000070e72a7d8) thrown at [./src/hotspot/share/interpreter/linkResolver.cpp, line 1440]
Event: 0.597 Thread 0x0000004e0c215000 Implicit null exception at 0x0000004e1c361681 to 0x0000004e1c362a97
Event: 0.709 Thread 0x0000004e0c215000 Exception <a 'java/lang/NoSuchMethodError'{0x000000070e018020}: 'int java.lang.invoke.DirectMethodHandle$Holder.invokeSpecialIFC(java.lang.Object, java.lang.Object, int)'> (0x000000070e018020) thrown at [./src/hotspot/share/interpreter/linkResolver.cpp, line 773]
Event: 0.713 Thread 0x0000004e0c215000 Exception <a 'java/lang/ClassNotFoundException'{0x000000070e02abc8}: com/sun/org/apache/xerces/internal/impl/xpath/regex/spi/messageProvider> (0x000000070e02abc8) thrown at [./src/hotspot/share/classfile/systemDictionary.cpp, line 231]

Events (20 events):
Event: 0.791 loading class org/hibernate/boot/archive/spi/ArchiveDescriptorFactory
Event: 0.791 loading class org/hibernate/boot/archive/spi/ArchiveDescriptorFactory done
Event: 0.791 loading class org/hibernate/type/spi/TypeConfiguration
Event: 0.791 loading class org/hibernate/type/spi/TypeConfiguration done
Event: 0.791 loading class org/hibernate/SessionFactoryObserver
Event: 0.791 loading class org/hibernate/SessionFactoryObserver done
Event: 0.792 loading class org/hibernate/metamodel/spi/MetamodelImplementor
Event: 0.792 loading class org/hibernate/metamodel/spi/MetamodelImplementor done
Event: 0.792 loading class org/hibernate/Metamodel
Event: 0.792 loading class org/hibernate/Metamodel done
Event: 0.792 loading class javax/persistence/metamodel/Metamodel
Event: 0.792 loading class javax/persistence/metamodel/Metamodel done
Event: 0.792 loading class org/hibernate/type/spi/TypeConfiguration$Scope
Event: 0.792 loading class org/hibernate/type/spi/TypeConfiguration$Scope done
Event: 0.792 loading class org/hibernate/internal/CoreMessageLogger_$logger_en_US
Event: 0.792 loading class org/hibernate/internal/CoreMessageLogger_$logger_en_US done
Event: 0.793 loading class org/hibernate/internal/CoreMessageLogger_$logger_en
Event: 0.793 loading class org/hibernate/internal/CoreMessageLogger_$logger_en done
Event: 0.793 loading class org/hibernate/id/uuid/LocalObjectUuidHelper
Event: 0.793 loading class org/hibernate/id/uuid/LocalObjectUuidHelper done


Dynamic libraries:
0x00007ff6ccb30000 - 0x00007ff6ccb3d000 	C:\Program Files\Amazon Corretto\jdk11.0.8_10\bin\java.exe
0x00007ffec9f60000 - 0x00007ffeca10d000 	C:\Windows\SYSTEM32\ntdll.dll
0x00007ffec9ba0000 - 0x00007ffec9cde000 	C:\Windows\system32\KERNEL32.DLL
0x00007ffec73f0000 - 0x00007ffec7506000 	C:\Windows\system32\KERNELBASE.dll
0x00007ffec0220000 - 0x00007ffec0237000 	C:\Program Files\Amazon Corretto\jdk11.0.8_10\bin\jli.dll
0x00007ffebca60000 - 0x00007ffebca75000 	C:\Program Files\Amazon Corretto\jdk11.0.8_10\bin\VCRUNTIME140.dll
0x00007ffec2900000 - 0x00007ffec2904000 	C:\Program Files\Amazon Corretto\jdk11.0.8_10\bin\api-ms-win-crt-stdio-l1-1-0.dll
0x00007ffec17d0000 - 0x00007ffec17d4000 	C:\Program Files\Amazon Corretto\jdk11.0.8_10\bin\api-ms-win-crt-runtime-l1-1-0.dll
0x00007ffec02b0000 - 0x00007ffec02b3000 	C:\Program Files\Amazon Corretto\jdk11.0.8_10\bin\api-ms-win-crt-environment-l1-1-0.dll
0x00007ffec01f0000 - 0x00007ffec01f5000 	C:\Program Files\Amazon Corretto\jdk11.0.8_10\bin\api-ms-win-crt-math-l1-1-0.dll
0x00007ffeb7810000 - 0x00007ffeb7813000 	C:\Program Files\Amazon Corretto\jdk11.0.8_10\bin\api-ms-win-crt-locale-l1-1-0.dll
0x00007ffeb74d0000 - 0x00007ffeb74d3000 	C:\Program Files\Amazon Corretto\jdk11.0.8_10\bin\api-ms-win-crt-heap-l1-1-0.dll
0x00007ffec6bb0000 - 0x00007ffec6e2b000 	C:\Windows\WinSxS\amd64_microsoft.windows.common-controls_6595b64144ccf1df_6.0.9600.18006_none_623f33d3ecbe86e8\COMCTL32.dll
0x00007ffec77d0000 - 0x00007ffec7947000 	C:\Windows\system32\USER32.dll
0x00007ffeb74c0000 - 0x00007ffeb74c3000 	C:\Program Files\Amazon Corretto\jdk11.0.8_10\bin\api-ms-win-crt-filesystem-l1-1-0.dll
0x00007ffeb74b0000 - 0x00007ffeb74b4000 	C:\Program Files\Amazon Corretto\jdk11.0.8_10\bin\api-ms-win-crt-string-l1-1-0.dll
0x00007ffeb74a0000 - 0x00007ffeb74a4000 	C:\Program Files\Amazon Corretto\jdk11.0.8_10\bin\api-ms-win-crt-convert-l1-1-0.dll
0x00007ffec94b0000 - 0x00007ffec955a000 	C:\Windows\system32\msvcrt.dll
0x00007ffec9560000 - 0x00007ffec96ac000 	C:\Windows\system32\GDI32.dll
0x00007ffeb6830000 - 0x00007ffeb692c000 	C:\Program Files\Amazon Corretto\jdk11.0.8_10\bin\ucrtbase.DLL
0x00007ffec9b60000 - 0x00007ffec9b96000 	C:\Windows\system32\IMM32.DLL
0x00007ffec9720000 - 0x00007ffec9871000 	C:\Windows\system32\MSCTF.dll
0x00007ffeb65f0000 - 0x00007ffeb668b000 	C:\Program Files\Amazon Corretto\jdk11.0.8_10\bin\msvcp140.dll
0x00007ffeb7390000 - 0x00007ffeb7393000 	C:\Program Files\Amazon Corretto\jdk11.0.8_10\bin\api-ms-win-crt-time-l1-1-0.dll
0x00007ffeb7380000 - 0x00007ffeb7383000 	C:\Program Files\Amazon Corretto\jdk11.0.8_10\bin\api-ms-win-crt-utility-l1-1-0.dll
0x00007ffe8cc90000 - 0x00007ffe8d74d000 	C:\Program Files\Amazon Corretto\jdk11.0.8_10\bin\server\jvm.dll
0x00007ffec7720000 - 0x00007ffec77ca000 	C:\Windows\system32\ADVAPI32.dll
0x00007ffebd6a0000 - 0x00007ffebd6a9000 	C:\Windows\SYSTEM32\WSOCK32.dll
0x00007ffec32c0000 - 0x00007ffec32e2000 	C:\Windows\SYSTEM32\WINMM.dll
0x00007ffec4960000 - 0x00007ffec496a000 	C:\Windows\SYSTEM32\VERSION.dll
0x00007ffec9f50000 - 0x00007ffec9f57000 	C:\Windows\system32\PSAPI.DLL
0x00007ffec96c0000 - 0x00007ffec9719000 	C:\Windows\SYSTEM32\sechost.dll
0x00007ffec9a20000 - 0x00007ffec9b60000 	C:\Windows\system32\RPCRT4.dll
0x00007ffec7650000 - 0x00007ffec76aa000 	C:\Windows\system32\WS2_32.dll
0x00007ffec3230000 - 0x00007ffec325a000 	C:\Windows\SYSTEM32\WINMMBASE.dll
0x00007ffec7510000 - 0x00007ffec753e000 	C:\Windows\system32\SspiCli.dll
0x00007ffec96b0000 - 0x00007ffec96b9000 	C:\Windows\system32\NSI.dll
0x00007ffec75a0000 - 0x00007ffec75ef000 	C:\Windows\SYSTEM32\cfgmgr32.dll
0x00007ffec5a20000 - 0x00007ffec5a48000 	C:\Windows\SYSTEM32\DEVOBJ.dll
0x00007ffeb7150000 - 0x00007ffeb7160000 	C:\Program Files\Amazon Corretto\jdk11.0.8_10\bin\verify.dll
0x00007ffebbe90000 - 0x00007ffebc019000 	C:\Windows\SYSTEM32\DBGHELP.DLL
0x00007ffeb6eb0000 - 0x00007ffeb6ed8000 	C:\Program Files\Amazon Corretto\jdk11.0.8_10\bin\java.dll
0x00007ffeb7140000 - 0x00007ffeb714a000 	C:\Program Files\Amazon Corretto\jdk11.0.8_10\bin\jimage.dll
0x00007ffeb6d40000 - 0x00007ffeb6d4e000 	C:\Program Files\Amazon Corretto\jdk11.0.8_10\bin\instrument.dll
0x00007ffeb6b80000 - 0x00007ffeb6b97000 	C:\Program Files\Amazon Corretto\jdk11.0.8_10\bin\zip.dll
0x00007ffec7b50000 - 0x00007ffec907b000 	C:\Windows\system32\SHELL32.dll
0x00007ffec9d40000 - 0x00007ffec9f50000 	C:\Windows\SYSTEM32\combase.dll
0x00007ffec75f0000 - 0x00007ffec7644000 	C:\Windows\system32\SHLWAPI.dll
0x00007ffec66d0000 - 0x00007ffec6782000 	C:\Windows\SYSTEM32\SHCORE.dll
0x00007ffec7090000 - 0x00007ffec70a5000 	C:\Windows\SYSTEM32\profapi.dll
0x00007ffeb6b60000 - 0x00007ffeb6b79000 	C:\Program Files\Amazon Corretto\jdk11.0.8_10\bin\net.dll
0x00007ffec2920000 - 0x00007ffec29e9000 	C:\Windows\SYSTEM32\WINHTTP.dll
0x00007ffec6530000 - 0x00007ffec6589000 	C:\Windows\system32\mswsock.dll
0x00007ffeb69c0000 - 0x00007ffeb69d2000 	C:\Program Files\Amazon Corretto\jdk11.0.8_10\bin\nio.dll
0x00007ffeb69a0000 - 0x00007ffeb69ba000 	C:\Program Files\JetBrains\IntelliJ IDEA Community Edition 2020.2\bin\breakgen64.dll

dbghelp: loaded successfully - version: 4.0.5 - missing functions: none
symbol engine: initialized successfully - sym options: 0x614 - pdb path: .;C:\Program Files\Amazon Corretto\jdk11.0.8_10\bin;C:\Windows\SYSTEM32;C:\Windows\WinSxS\amd64_microsoft.windows.common-controls_6595b64144ccf1df_6.0.9600.18006_none_623f33d3ecbe86e8;C:\Program Files\Amazon Corretto\jdk11.0.8_10\bin\server;C:\Program Files\JetBrains\IntelliJ IDEA Community Edition 2020.2\bin

VM Arguments:
jvm_args: -javaagent:C:\Program Files\JetBrains\IntelliJ IDEA Community Edition 2020.2\lib\idea_rt.jar=55842:C:\Program Files\JetBrains\IntelliJ IDEA Community Edition 2020.2\bin -Dfile.encoding=UTF-8 
java_command: com.luv2code.hibernate.demo.GetCoursesForMaryDemo
java_class_path (initial): C:\Users\Tony\Documents\coding\spring_lesson\hibernate\hb-05-many-to-many\out\production\hibernate-tutorial;C:\Users\Tony\Documents\coding\spring_lesson\hibernate\hb-05-many-to-many\lib\antlr-2.7.7.jar;C:\Users\Tony\Documents\coding\spring_lesson\hibernate\hb-05-many-to-many\lib\byte-buddy-1.10.17.jar;C:\Users\Tony\Documents\coding\spring_lesson\hibernate\hb-05-many-to-many\lib\classmate-1.5.1.jar;C:\Users\Tony\Documents\coding\spring_lesson\hibernate\hb-05-many-to-many\lib\dom4j-2.1.3.jar;C:\Users\Tony\Documents\coding\spring_lesson\hibernate\hb-05-many-to-many\lib\FastInfoset-1.2.15.jar;C:\Users\Tony\Documents\coding\spring_lesson\hibernate\hb-05-many-to-many\lib\hibernate-commons-annotations-5.1.2.Final.jar;C:\Users\Tony\Documents\coding\spring_lesson\hibernate\hb-05-many-to-many\lib\hibernate-core-5.4.27.Final.jar;C:\Users\Tony\Documents\coding\spring_lesson\hibernate\hb-05-many-to-many\lib\istack-commons-runtime-3.0.7.jar;C:\Users\Tony\Documents\coding\spring_lesson\hibernate\hb-05-many-to-many\lib\jandex-2.1.3.Final.jar;C:\Users\Tony\Documents\coding\spring_lesson\hibernate\hb-05-many-to-many\lib\javassist-3.27.0-GA.jar;C:\Users\Tony\Documents\coding\spring_lesson\hibernate\hb-05-many-to-many\lib\javax.activation-api-1.2.0.jar;C:\Users\Tony\Documents\coding\spring_lesson\hibernate\hb-05-many-to-many\lib\javax.persistence-api-2.2.jar;C:\Users\Tony\Documents\coding\spring_lesson\hibernate\hb-05-many-to-many\lib\jaxb-api-2.3.1.jar;C:\Users\Tony\Documents\coding\spring_lesson\hibernate\hb-05-many-to-many\lib\jaxb-runtime-2.3.1.jar;C:\Users\Tony\Documents\coding\spring_lesson\hibernate\hb-05-many-to-many\lib\jboss-logging-3.4.1.Final.jar;C:\Users\Tony\Documents\coding\spring_lesson\hibernate\hb-05-many-to-many\lib\jboss-transaction-api_1.2_spec-1.1.1.Final.jar;C:\Users\Tony\Documents\coding\spring_lesson\hibernate\hb-05-many-to-many\lib\mysql-connector-java-8.0.22.jar;C:\Users\Tony\Documents\coding\spring_lesson\hibernate\hb-05-many-to-
Launcher Type: SUN_STANDARD

[Global flags]
     intx CICompilerCount                          = 4                                         {product} {ergonomic}
     uint ConcGCThreads                            = 3                                         {product} {ergonomic}
     uint G1ConcRefinementThreads                  = 10                                        {product} {ergonomic}
   size_t G1HeapRegionSize                         = 1048576                                   {product} {ergonomic}
    uintx GCDrainStackTargetSize                   = 64                                        {product} {ergonomic}
   size_t InitialHeapSize                          = 268435456                                 {product} {ergonomic}
   size_t MarkStackSize                            = 4194304                                   {product} {ergonomic}
   size_t MaxHeapSize                              = 4282384384                                {product} {ergonomic}
   size_t MaxNewSize                               = 2569011200                                {product} {ergonomic}
   size_t MinHeapDeltaBytes                        = 1048576                                   {product} {ergonomic}
    uintx NonNMethodCodeHeapSize                   = 5836300                                {pd product} {ergonomic}
    uintx NonProfiledCodeHeapSize                  = 122910970                              {pd product} {ergonomic}
    uintx ProfiledCodeHeapSize                     = 122910970                              {pd product} {ergonomic}
    uintx ReservedCodeCacheSize                    = 251658240                              {pd product} {ergonomic}
     bool SegmentedCodeCache                       = true                                      {product} {ergonomic}
     bool UseCompressedClassPointers               = true                                 {lp64_product} {ergonomic}
     bool UseCompressedOops                        = true                                 {lp64_product} {ergonomic}
     bool UseG1GC                                  = true                                      {product} {ergonomic}
     bool UseLargePagesIndividualAllocation        = false                                  {pd product} {ergonomic}

Logging:
Log output configuration:
 #0: stdout all=warning uptime,level,tags
 #1: stderr all=off uptime,level,tags

Environment Variables:
JAVA_HOME=C:\Program Files\Amazon Corretto\jdk11.0.8_10
PATH=C:\Program Files\Amazon Corretto\jdk11.0.8_10\bin;C:\Windows\system32;C:\Windows;C:\Windows\System32\Wbem;C:\Windows\System32\WindowsPowerShell\v1.0\;C:\Program Files (x86)\NVIDIA Corporation\PhysX\Common;;C:\Program Files\Git\cmd;C:\Program Files\Heroku\bin;C:\Program Files\OpenVPN\bin;C:\Program Files (x86)\Windows Live\Shared;C:\Program Files\Intel\WiFi\bin\;C:\Program Files\Common Files\Intel\WirelessCommon\;C:\Program Files (x86)\Calibre2\;C:\Program Files (x86)\Yarn\bin\;C:\Program Files\nodejs\;;C:\Users\Tony\AppData\Local\Programs\Microsoft VS Code\bin;C:\Program Files\heroku\bin;C:\Program Files\Intel\WiFi\bin\;C:\Program Files\Common Files\Intel\WirelessCommon\;C:\Program Files\Amazon Corretto\jdk11.0.8_10\bin;C:\Users\Tony\Documents\coding\flutter\bin;C:\Users\Tony\AppData\Local\Yarn\bin;%NVM_HOME%;%NVM_SYMLINK%;C:\Users\Tony\AppData\Roaming\npm
USERNAME=Tony
OS=Windows_NT
PROCESSOR_IDENTIFIER=AMD64 Family 23 Model 8 Stepping 2, AuthenticAMD



---------------  S Y S T E M  ---------------

OS: Windows 8.1 , 64 bit Build 9600 (6.3.9600.17415)
OS uptime: 4 days 6:03 hours

CPU:total 12 (initial active 12) (12 cores per cpu, 2 threads per core) family 23 model 8 stepping 2, cmov, cx8, fxsr, mmx, sse, sse2, sse3, ssse3, sse4.1, sse4.2, popcnt, avx, avx2, aes, clmul, mmxext, 3dnowpref, lzcnt, sse4a, ht, tsc, tscinvbit, tscinv, bmi1, bmi2, adx, sha, fma

Memory: 4k page, system-wide physical 16335M (6001M free)
TotalPageFile size 32719M (AvailPageFile size 14049M)
current process WorkingSet (physical memory assigned to process): 110M, peak: 110M
current process commit charge ("private bytes"): 368M, peak: 368M

vm_info: OpenJDK 64-Bit Server VM (11.0.8+10-LTS) for windows-amd64 JRE (11.0.8+10-LTS), built on Jul 13 2020 00:42:50 by "Administrator" with MS VC++ 15.9 (VS2017)

END.
